host: d419
Building DAG of jobs...
Using shell: /usr/bin/bash
Provided cores: 30
Rules claiming more threads will be scaled down.
Job stats:
job                  count
-----------------  -------
addReadsGroup            4
all                      1
bwaMem2_alignment        4
count_matrix_TE          4
count_matrix_gene        1
dedup                    4
getBamStatistics         4
getFragmentSize          1
sort                     4
wig                      4
total                   31

Select jobs to execute...
Execute 2 jobs...

[Fri Apr 25 21:55:22 2025]
localrule bwaMem2_alignment:
    input: ../../output/mouse/cutadapt/CON_1A_1.fq.gz, ../../output/mouse/cutadapt/CON_1A_2.fq.gz
    output: ../../output/mouse/bam/CON_1A.bam, ../../output/mouse/bam/CON_1A.sam
    log: ../../output/log/mouse/CON_1A/bwa-alignment.txt
    jobid: 10
    reason: Missing output files: ../../output/mouse/bam/CON_1A.bam; Code has changed since last execution; Params have changed since last execution: Union of exclusive params before and now across all output: before: '/ChIP_seq_2/Data/index/Mus_musculus/GENCODE/GRCm39/BWA-mem2' now: '/ChIP_seq_2/Data/index/Mus_musculus/GENCODE/GRCm39/BWA-mem2/GRCm39' 
    wildcards: genome=mouse, sample_id=CON_1A
    threads: 15
    resources: tmpdir=/tmp

Activating conda environment: ../../../../../../home/luosg/miniconda3/envs/cfDNA_base

[Fri Apr 25 21:55:25 2025]
localrule bwaMem2_alignment:
    input: ../../output/mouse/cutadapt/UCS_1A_1.fq.gz, ../../output/mouse/cutadapt/UCS_1A_2.fq.gz
    output: ../../output/mouse/bam/UCS_1A.bam, ../../output/mouse/bam/UCS_1A.sam
    log: ../../output/log/mouse/UCS_1A/bwa-alignment.txt
    jobid: 5
    reason: Code has changed since last execution
    wildcards: genome=mouse, sample_id=UCS_1A
    threads: 15
    resources: tmpdir=/tmp

Activating conda environment: ../../../../../../home/luosg/miniconda3/envs/cfDNA_base
[Sat Apr 26 09:20:38 2025]
Error in rule bwaMem2_alignment:
    jobid: 5
    input: ../../output/mouse/cutadapt/UCS_1A_1.fq.gz, ../../output/mouse/cutadapt/UCS_1A_2.fq.gz
    output: ../../output/mouse/bam/UCS_1A.bam, ../../output/mouse/bam/UCS_1A.sam
    log: ../../output/log/mouse/UCS_1A/bwa-alignment.txt (check log file(s) for error details)
    conda-env: /home/luosg/miniconda3/envs/cfDNA_base
    shell:
        
        bwa-mem2 mem -T 0 -t 15 /ChIP_seq_2/Data/index/Mus_musculus/GENCODE/GRCm39/BWA-mem2/GRCm39 ../../output/mouse/cutadapt/UCS_1A_1.fq.gz ../../output/mouse/cutadapt/UCS_1A_2.fq.gz -o ../../output/mouse/bam/UCS_1A.sam > ../../output/log/mouse/UCS_1A/bwa-alignment.txt 2>&1 
        samtools view -b ../../output/mouse/bam/UCS_1A.sam > ../../output/mouse/bam/UCS_1A.bam 2>../../output/log/mouse/UCS_1A/bwa-alignment.txt
        samtools index -@ 15 ../../output/mouse/bam/UCS_1A.bam 2>../../output/log/mouse/UCS_1A/bwa-alignment.txt
        
        (one of the commands exited with non-zero exit code; note that snakemake uses bash strict mode!)

Removing output files of failed job bwaMem2_alignment since they might be corrupted:
../../output/mouse/bam/UCS_1A.bam, ../../output/mouse/bam/UCS_1A.sam
[Sat Apr 26 11:10:50 2025]
Error in rule bwaMem2_alignment:
    jobid: 10
    input: ../../output/mouse/cutadapt/CON_1A_1.fq.gz, ../../output/mouse/cutadapt/CON_1A_2.fq.gz
    output: ../../output/mouse/bam/CON_1A.bam, ../../output/mouse/bam/CON_1A.sam
    log: ../../output/log/mouse/CON_1A/bwa-alignment.txt (check log file(s) for error details)
    conda-env: /home/luosg/miniconda3/envs/cfDNA_base
    shell:
        
        bwa-mem2 mem -T 0 -t 15 /ChIP_seq_2/Data/index/Mus_musculus/GENCODE/GRCm39/BWA-mem2/GRCm39 ../../output/mouse/cutadapt/CON_1A_1.fq.gz ../../output/mouse/cutadapt/CON_1A_2.fq.gz -o ../../output/mouse/bam/CON_1A.sam > ../../output/log/mouse/CON_1A/bwa-alignment.txt 2>&1 
        samtools view -b ../../output/mouse/bam/CON_1A.sam > ../../output/mouse/bam/CON_1A.bam 2>../../output/log/mouse/CON_1A/bwa-alignment.txt
        samtools index -@ 15 ../../output/mouse/bam/CON_1A.bam 2>../../output/log/mouse/CON_1A/bwa-alignment.txt
        
        (one of the commands exited with non-zero exit code; note that snakemake uses bash strict mode!)

Removing output files of failed job bwaMem2_alignment since they might be corrupted:
../../output/mouse/bam/CON_1A.bam, ../../output/mouse/bam/CON_1A.sam
Shutting down, this might take some time.
Exiting because a job execution failed. Look above for error message
Complete log: .snakemake/log/2025-04-25T215521.957138.snakemake.log
WorkflowError:
At least one job did not complete successfully.
