host: d419
Building DAG of jobs...
File path ../../output/mouse/wig//UCS_1A.bigwig contains double '/'. This is likely unintended. It can also lead to inconsistent results of the file-matching approach used by Snakemake.
File path ../../output/mouse/wig//CON_1A.bigwig contains double '/'. This is likely unintended. It can also lead to inconsistent results of the file-matching approach used by Snakemake.
File path ../../output/mouse/wig//CON_2A.bigwig contains double '/'. This is likely unintended. It can also lead to inconsistent results of the file-matching approach used by Snakemake.
File path ../../output/mouse/wig//UCS_2A.bigwig contains double '/'. This is likely unintended. It can also lead to inconsistent results of the file-matching approach used by Snakemake.
File path ../../output/mouse/bam-sorted-deduped//UCS_1A.bam contains double '/'. This is likely unintended. It can also lead to inconsistent results of the file-matching approach used by Snakemake.
File path ../../output/mouse/bam-sorted-deduped//CON_1A.bam contains double '/'. This is likely unintended. It can also lead to inconsistent results of the file-matching approach used by Snakemake.
File path ../../output/mouse/bam-sorted-deduped//CON_2A.bam contains double '/'. This is likely unintended. It can also lead to inconsistent results of the file-matching approach used by Snakemake.
File path ../../output/mouse/bam-sorted-deduped//UCS_2A.bam contains double '/'. This is likely unintended. It can also lead to inconsistent results of the file-matching approach used by Snakemake.
File path ../../output/mouse/bam-sorted-deduped//UCS_1A.bam contains double '/'. This is likely unintended. It can also lead to inconsistent results of the file-matching approach used by Snakemake.
File path ../../output/mouse/bam-sorted-deduped//CON_1A.bam contains double '/'. This is likely unintended. It can also lead to inconsistent results of the file-matching approach used by Snakemake.
File path ../../output/mouse/bam-sorted-deduped//CON_2A.bam contains double '/'. This is likely unintended. It can also lead to inconsistent results of the file-matching approach used by Snakemake.
File path ../../output/mouse/bam-sorted-deduped//UCS_2A.bam contains double '/'. This is likely unintended. It can also lead to inconsistent results of the file-matching approach used by Snakemake.
File path ../../output/mouse/bam-sorted-deduped//UCS_1A.bam contains double '/'. This is likely unintended. It can also lead to inconsistent results of the file-matching approach used by Snakemake.
File path ../../output/mouse/bam-sorted-deduped//CON_1A.bam contains double '/'. This is likely unintended. It can also lead to inconsistent results of the file-matching approach used by Snakemake.
File path ../../output/mouse/bam-sorted-deduped//CON_2A.bam contains double '/'. This is likely unintended. It can also lead to inconsistent results of the file-matching approach used by Snakemake.
File path ../../output/mouse/bam-sorted-deduped//UCS_2A.bam contains double '/'. This is likely unintended. It can also lead to inconsistent results of the file-matching approach used by Snakemake.
File path ../../output/mouse/bam-sorted-deduped//UCS_1A.bam contains double '/'. This is likely unintended. It can also lead to inconsistent results of the file-matching approach used by Snakemake.
File path ../../output/mouse/bam-sorted-deduped//CON_1A.bam contains double '/'. This is likely unintended. It can also lead to inconsistent results of the file-matching approach used by Snakemake.
File path ../../output/mouse/bam-sorted-deduped//CON_2A.bam contains double '/'. This is likely unintended. It can also lead to inconsistent results of the file-matching approach used by Snakemake.
File path ../../output/mouse/bam-sorted-deduped//UCS_2A.bam contains double '/'. This is likely unintended. It can also lead to inconsistent results of the file-matching approach used by Snakemake.
File path ../../output/mouse/bam-sorted-deduped//UCS_1A.bam contains double '/'. This is likely unintended. It can also lead to inconsistent results of the file-matching approach used by Snakemake.
File path ../../output/mouse/bam-sorted-deduped//CON_1A.bam contains double '/'. This is likely unintended. It can also lead to inconsistent results of the file-matching approach used by Snakemake.
File path ../../output/mouse/bam-sorted-deduped//CON_2A.bam contains double '/'. This is likely unintended. It can also lead to inconsistent results of the file-matching approach used by Snakemake.
File path ../../output/mouse/bam-sorted-deduped//UCS_2A.bam contains double '/'. This is likely unintended. It can also lead to inconsistent results of the file-matching approach used by Snakemake.
File path ../../output/mouse/bam//UCS_1A.bam contains double '/'. This is likely unintended. It can also lead to inconsistent results of the file-matching approach used by Snakemake.
File path ../../output/mouse/wig//UCS_1A.bigwig contains double '/'. This is likely unintended. It can also lead to inconsistent results of the file-matching approach used by Snakemake.
File path ../../output/log/mouse//UCS_1A/wig.log contains double '/'. This is likely unintended. It can also lead to inconsistent results of the file-matching approach used by Snakemake.
File path ../../output/mouse/bam//CON_1A.bam contains double '/'. This is likely unintended. It can also lead to inconsistent results of the file-matching approach used by Snakemake.
File path ../../output/mouse/wig//CON_1A.bigwig contains double '/'. This is likely unintended. It can also lead to inconsistent results of the file-matching approach used by Snakemake.
File path ../../output/log/mouse//CON_1A/wig.log contains double '/'. This is likely unintended. It can also lead to inconsistent results of the file-matching approach used by Snakemake.
File path ../../output/mouse/bam//CON_2A.bam contains double '/'. This is likely unintended. It can also lead to inconsistent results of the file-matching approach used by Snakemake.
File path ../../output/mouse/wig//CON_2A.bigwig contains double '/'. This is likely unintended. It can also lead to inconsistent results of the file-matching approach used by Snakemake.
File path ../../output/log/mouse//CON_2A/wig.log contains double '/'. This is likely unintended. It can also lead to inconsistent results of the file-matching approach used by Snakemake.
File path ../../output/mouse/bam//UCS_2A.bam contains double '/'. This is likely unintended. It can also lead to inconsistent results of the file-matching approach used by Snakemake.
File path ../../output/mouse/wig//UCS_2A.bigwig contains double '/'. This is likely unintended. It can also lead to inconsistent results of the file-matching approach used by Snakemake.
File path ../../output/log/mouse//UCS_2A/wig.log contains double '/'. This is likely unintended. It can also lead to inconsistent results of the file-matching approach used by Snakemake.
File path ../../output/mouse/stats//UCS_1A//UCS_1A.txt contains double '/'. This is likely unintended. It can also lead to inconsistent results of the file-matching approach used by Snakemake.
File path ../../output/mouse/stats//CON_1A//CON_1A.txt contains double '/'. This is likely unintended. It can also lead to inconsistent results of the file-matching approach used by Snakemake.
File path ../../output/mouse/stats//CON_2A//CON_2A.txt contains double '/'. This is likely unintended. It can also lead to inconsistent results of the file-matching approach used by Snakemake.
File path ../../output/mouse/stats//UCS_2A//UCS_2A.txt contains double '/'. This is likely unintended. It can also lead to inconsistent results of the file-matching approach used by Snakemake.
File path ../../output/mouse/RG//UCS_1A.bam contains double '/'. This is likely unintended. It can also lead to inconsistent results of the file-matching approach used by Snakemake.
File path ../../output/mouse/bam-sorted-deduped//UCS_1A.bam contains double '/'. This is likely unintended. It can also lead to inconsistent results of the file-matching approach used by Snakemake.
File path ../../output/mouse/bam-sorted-deduped//UCS_1A.bam.bai contains double '/'. This is likely unintended. It can also lead to inconsistent results of the file-matching approach used by Snakemake.
File path ../../output/mouse/bam-sorted-deduped//UCS_1A_dedup-metrics.txt contains double '/'. This is likely unintended. It can also lead to inconsistent results of the file-matching approach used by Snakemake.
File path ../../output/log/mouse//UCS_1A/MarkDuplicates.log contains double '/'. This is likely unintended. It can also lead to inconsistent results of the file-matching approach used by Snakemake.
File path ../../output/mouse/RG//CON_1A.bam contains double '/'. This is likely unintended. It can also lead to inconsistent results of the file-matching approach used by Snakemake.
File path ../../output/mouse/bam-sorted-deduped//CON_1A.bam contains double '/'. This is likely unintended. It can also lead to inconsistent results of the file-matching approach used by Snakemake.
File path ../../output/mouse/bam-sorted-deduped//CON_1A.bam.bai contains double '/'. This is likely unintended. It can also lead to inconsistent results of the file-matching approach used by Snakemake.
File path ../../output/mouse/bam-sorted-deduped//CON_1A_dedup-metrics.txt contains double '/'. This is likely unintended. It can also lead to inconsistent results of the file-matching approach used by Snakemake.
File path ../../output/log/mouse//CON_1A/MarkDuplicates.log contains double '/'. This is likely unintended. It can also lead to inconsistent results of the file-matching approach used by Snakemake.
File path ../../output/mouse/RG//CON_2A.bam contains double '/'. This is likely unintended. It can also lead to inconsistent results of the file-matching approach used by Snakemake.
File path ../../output/mouse/bam-sorted-deduped//CON_2A.bam contains double '/'. This is likely unintended. It can also lead to inconsistent results of the file-matching approach used by Snakemake.
File path ../../output/mouse/bam-sorted-deduped//CON_2A.bam.bai contains double '/'. This is likely unintended. It can also lead to inconsistent results of the file-matching approach used by Snakemake.
File path ../../output/mouse/bam-sorted-deduped//CON_2A_dedup-metrics.txt contains double '/'. This is likely unintended. It can also lead to inconsistent results of the file-matching approach used by Snakemake.
File path ../../output/log/mouse//CON_2A/MarkDuplicates.log contains double '/'. This is likely unintended. It can also lead to inconsistent results of the file-matching approach used by Snakemake.
File path ../../output/mouse/RG//UCS_2A.bam contains double '/'. This is likely unintended. It can also lead to inconsistent results of the file-matching approach used by Snakemake.
File path ../../output/mouse/bam-sorted-deduped//UCS_2A.bam contains double '/'. This is likely unintended. It can also lead to inconsistent results of the file-matching approach used by Snakemake.
File path ../../output/mouse/bam-sorted-deduped//UCS_2A.bam.bai contains double '/'. This is likely unintended. It can also lead to inconsistent results of the file-matching approach used by Snakemake.
File path ../../output/mouse/bam-sorted-deduped//UCS_2A_dedup-metrics.txt contains double '/'. This is likely unintended. It can also lead to inconsistent results of the file-matching approach used by Snakemake.
File path ../../output/log/mouse//UCS_2A/MarkDuplicates.log contains double '/'. This is likely unintended. It can also lead to inconsistent results of the file-matching approach used by Snakemake.
File path ../../output/mouse/bam-sorted//UCS_1A.bam contains double '/'. This is likely unintended. It can also lead to inconsistent results of the file-matching approach used by Snakemake.
File path ../../output/mouse/RG//UCS_1A.bam contains double '/'. This is likely unintended. It can also lead to inconsistent results of the file-matching approach used by Snakemake.
File path ../../output/mouse/RG//UCS_1A.bam.bai contains double '/'. This is likely unintended. It can also lead to inconsistent results of the file-matching approach used by Snakemake.
File path ../../output/log/mouse//UCS_1A/addReadsGroup.log contains double '/'. This is likely unintended. It can also lead to inconsistent results of the file-matching approach used by Snakemake.
File path ../../output/mouse/bam//UCS_1A.bam contains double '/'. This is likely unintended. It can also lead to inconsistent results of the file-matching approach used by Snakemake.
File path ../../output/mouse/bam-sorted//UCS_1A.bam contains double '/'. This is likely unintended. It can also lead to inconsistent results of the file-matching approach used by Snakemake.
File path ../../output/mouse/bam-sorted//UCS_1A.bam.bai contains double '/'. This is likely unintended. It can also lead to inconsistent results of the file-matching approach used by Snakemake.
File path ../../output/log/mouse//UCS_1A/sort.log contains double '/'. This is likely unintended. It can also lead to inconsistent results of the file-matching approach used by Snakemake.
File path ../../output/mouse/cutadapt//UCS_1A_1.fq.gz contains double '/'. This is likely unintended. It can also lead to inconsistent results of the file-matching approach used by Snakemake.
File path ../../output/mouse/cutadapt//UCS_1A_2.fq.gz contains double '/'. This is likely unintended. It can also lead to inconsistent results of the file-matching approach used by Snakemake.
File path ../../output/mouse/bam//UCS_1A.bam contains double '/'. This is likely unintended. It can also lead to inconsistent results of the file-matching approach used by Snakemake.
File path ../../output/mouse/bam//UCS_1A.sam contains double '/'. This is likely unintended. It can also lead to inconsistent results of the file-matching approach used by Snakemake.
File path ../../output/log/mouse//UCS_1A/bwa-alignment.txt contains double '/'. This is likely unintended. It can also lead to inconsistent results of the file-matching approach used by Snakemake.
File path ../../data/fq//UCS_1A_1.fq.gz contains double '/'. This is likely unintended. It can also lead to inconsistent results of the file-matching approach used by Snakemake.
File path ../../data/fq//UCS_1A_2.fq.gz contains double '/'. This is likely unintended. It can also lead to inconsistent results of the file-matching approach used by Snakemake.
File path ../../output/mouse/cutadapt//UCS_1A_1.fq.gz contains double '/'. This is likely unintended. It can also lead to inconsistent results of the file-matching approach used by Snakemake.
File path ../../output/mouse/cutadapt//UCS_1A_2.fq.gz contains double '/'. This is likely unintended. It can also lead to inconsistent results of the file-matching approach used by Snakemake.
File path ../../output/mouse/cutadapt//UCS_1A/trimming_statistics_1.txt contains double '/'. This is likely unintended. It can also lead to inconsistent results of the file-matching approach used by Snakemake.
File path ../../output/mouse/cutadapt//UCS_1A/trimming_statistics_2.txt contains double '/'. This is likely unintended. It can also lead to inconsistent results of the file-matching approach used by Snakemake.
File path ../../output/mouse/bam-sorted//CON_1A.bam contains double '/'. This is likely unintended. It can also lead to inconsistent results of the file-matching approach used by Snakemake.
File path ../../output/mouse/RG//CON_1A.bam contains double '/'. This is likely unintended. It can also lead to inconsistent results of the file-matching approach used by Snakemake.
File path ../../output/mouse/RG//CON_1A.bam.bai contains double '/'. This is likely unintended. It can also lead to inconsistent results of the file-matching approach used by Snakemake.
File path ../../output/log/mouse//CON_1A/addReadsGroup.log contains double '/'. This is likely unintended. It can also lead to inconsistent results of the file-matching approach used by Snakemake.
File path ../../output/mouse/bam//CON_1A.bam contains double '/'. This is likely unintended. It can also lead to inconsistent results of the file-matching approach used by Snakemake.
File path ../../output/mouse/bam-sorted//CON_1A.bam contains double '/'. This is likely unintended. It can also lead to inconsistent results of the file-matching approach used by Snakemake.
File path ../../output/mouse/bam-sorted//CON_1A.bam.bai contains double '/'. This is likely unintended. It can also lead to inconsistent results of the file-matching approach used by Snakemake.
File path ../../output/log/mouse//CON_1A/sort.log contains double '/'. This is likely unintended. It can also lead to inconsistent results of the file-matching approach used by Snakemake.
File path ../../output/mouse/cutadapt//CON_1A_1.fq.gz contains double '/'. This is likely unintended. It can also lead to inconsistent results of the file-matching approach used by Snakemake.
File path ../../output/mouse/cutadapt//CON_1A_2.fq.gz contains double '/'. This is likely unintended. It can also lead to inconsistent results of the file-matching approach used by Snakemake.
File path ../../output/mouse/bam//CON_1A.bam contains double '/'. This is likely unintended. It can also lead to inconsistent results of the file-matching approach used by Snakemake.
File path ../../output/mouse/bam//CON_1A.sam contains double '/'. This is likely unintended. It can also lead to inconsistent results of the file-matching approach used by Snakemake.
File path ../../output/log/mouse//CON_1A/bwa-alignment.txt contains double '/'. This is likely unintended. It can also lead to inconsistent results of the file-matching approach used by Snakemake.
File path ../../data/fq//CON_1A_1.fq.gz contains double '/'. This is likely unintended. It can also lead to inconsistent results of the file-matching approach used by Snakemake.
File path ../../data/fq//CON_1A_2.fq.gz contains double '/'. This is likely unintended. It can also lead to inconsistent results of the file-matching approach used by Snakemake.
File path ../../output/mouse/cutadapt//CON_1A_1.fq.gz contains double '/'. This is likely unintended. It can also lead to inconsistent results of the file-matching approach used by Snakemake.
File path ../../output/mouse/cutadapt//CON_1A_2.fq.gz contains double '/'. This is likely unintended. It can also lead to inconsistent results of the file-matching approach used by Snakemake.
File path ../../output/mouse/cutadapt//CON_1A/trimming_statistics_1.txt contains double '/'. This is likely unintended. It can also lead to inconsistent results of the file-matching approach used by Snakemake.
File path ../../output/mouse/cutadapt//CON_1A/trimming_statistics_2.txt contains double '/'. This is likely unintended. It can also lead to inconsistent results of the file-matching approach used by Snakemake.
File path ../../output/mouse/bam-sorted//CON_2A.bam contains double '/'. This is likely unintended. It can also lead to inconsistent results of the file-matching approach used by Snakemake.
File path ../../output/mouse/RG//CON_2A.bam contains double '/'. This is likely unintended. It can also lead to inconsistent results of the file-matching approach used by Snakemake.
File path ../../output/mouse/RG//CON_2A.bam.bai contains double '/'. This is likely unintended. It can also lead to inconsistent results of the file-matching approach used by Snakemake.
File path ../../output/log/mouse//CON_2A/addReadsGroup.log contains double '/'. This is likely unintended. It can also lead to inconsistent results of the file-matching approach used by Snakemake.
File path ../../output/mouse/bam//CON_2A.bam contains double '/'. This is likely unintended. It can also lead to inconsistent results of the file-matching approach used by Snakemake.
File path ../../output/mouse/bam-sorted//CON_2A.bam contains double '/'. This is likely unintended. It can also lead to inconsistent results of the file-matching approach used by Snakemake.
File path ../../output/mouse/bam-sorted//CON_2A.bam.bai contains double '/'. This is likely unintended. It can also lead to inconsistent results of the file-matching approach used by Snakemake.
File path ../../output/log/mouse//CON_2A/sort.log contains double '/'. This is likely unintended. It can also lead to inconsistent results of the file-matching approach used by Snakemake.
File path ../../output/mouse/cutadapt//CON_2A_1.fq.gz contains double '/'. This is likely unintended. It can also lead to inconsistent results of the file-matching approach used by Snakemake.
File path ../../output/mouse/cutadapt//CON_2A_2.fq.gz contains double '/'. This is likely unintended. It can also lead to inconsistent results of the file-matching approach used by Snakemake.
File path ../../output/mouse/bam//CON_2A.bam contains double '/'. This is likely unintended. It can also lead to inconsistent results of the file-matching approach used by Snakemake.
File path ../../output/mouse/bam//CON_2A.sam contains double '/'. This is likely unintended. It can also lead to inconsistent results of the file-matching approach used by Snakemake.
File path ../../output/log/mouse//CON_2A/bwa-alignment.txt contains double '/'. This is likely unintended. It can also lead to inconsistent results of the file-matching approach used by Snakemake.
File path ../../data/fq//CON_2A_1.fq.gz contains double '/'. This is likely unintended. It can also lead to inconsistent results of the file-matching approach used by Snakemake.
File path ../../data/fq//CON_2A_2.fq.gz contains double '/'. This is likely unintended. It can also lead to inconsistent results of the file-matching approach used by Snakemake.
File path ../../output/mouse/cutadapt//CON_2A_1.fq.gz contains double '/'. This is likely unintended. It can also lead to inconsistent results of the file-matching approach used by Snakemake.
File path ../../output/mouse/cutadapt//CON_2A_2.fq.gz contains double '/'. This is likely unintended. It can also lead to inconsistent results of the file-matching approach used by Snakemake.
File path ../../output/mouse/cutadapt//CON_2A/trimming_statistics_1.txt contains double '/'. This is likely unintended. It can also lead to inconsistent results of the file-matching approach used by Snakemake.
File path ../../output/mouse/cutadapt//CON_2A/trimming_statistics_2.txt contains double '/'. This is likely unintended. It can also lead to inconsistent results of the file-matching approach used by Snakemake.
File path ../../output/mouse/bam-sorted//UCS_2A.bam contains double '/'. This is likely unintended. It can also lead to inconsistent results of the file-matching approach used by Snakemake.
File path ../../output/mouse/RG//UCS_2A.bam contains double '/'. This is likely unintended. It can also lead to inconsistent results of the file-matching approach used by Snakemake.
File path ../../output/mouse/RG//UCS_2A.bam.bai contains double '/'. This is likely unintended. It can also lead to inconsistent results of the file-matching approach used by Snakemake.
File path ../../output/log/mouse//UCS_2A/addReadsGroup.log contains double '/'. This is likely unintended. It can also lead to inconsistent results of the file-matching approach used by Snakemake.
File path ../../output/mouse/bam//UCS_2A.bam contains double '/'. This is likely unintended. It can also lead to inconsistent results of the file-matching approach used by Snakemake.
File path ../../output/mouse/bam-sorted//UCS_2A.bam contains double '/'. This is likely unintended. It can also lead to inconsistent results of the file-matching approach used by Snakemake.
File path ../../output/mouse/bam-sorted//UCS_2A.bam.bai contains double '/'. This is likely unintended. It can also lead to inconsistent results of the file-matching approach used by Snakemake.
File path ../../output/log/mouse//UCS_2A/sort.log contains double '/'. This is likely unintended. It can also lead to inconsistent results of the file-matching approach used by Snakemake.
File path ../../output/mouse/cutadapt//UCS_2A_1.fq.gz contains double '/'. This is likely unintended. It can also lead to inconsistent results of the file-matching approach used by Snakemake.
File path ../../output/mouse/cutadapt//UCS_2A_2.fq.gz contains double '/'. This is likely unintended. It can also lead to inconsistent results of the file-matching approach used by Snakemake.
File path ../../output/mouse/bam//UCS_2A.bam contains double '/'. This is likely unintended. It can also lead to inconsistent results of the file-matching approach used by Snakemake.
File path ../../output/mouse/bam//UCS_2A.sam contains double '/'. This is likely unintended. It can also lead to inconsistent results of the file-matching approach used by Snakemake.
File path ../../output/log/mouse//UCS_2A/bwa-alignment.txt contains double '/'. This is likely unintended. It can also lead to inconsistent results of the file-matching approach used by Snakemake.
File path ../../data/fq//UCS_2A_1.fq.gz contains double '/'. This is likely unintended. It can also lead to inconsistent results of the file-matching approach used by Snakemake.
File path ../../data/fq//UCS_2A_2.fq.gz contains double '/'. This is likely unintended. It can also lead to inconsistent results of the file-matching approach used by Snakemake.
File path ../../output/mouse/cutadapt//UCS_2A_1.fq.gz contains double '/'. This is likely unintended. It can also lead to inconsistent results of the file-matching approach used by Snakemake.
File path ../../output/mouse/cutadapt//UCS_2A_2.fq.gz contains double '/'. This is likely unintended. It can also lead to inconsistent results of the file-matching approach used by Snakemake.
File path ../../output/mouse/cutadapt//UCS_2A/trimming_statistics_1.txt contains double '/'. This is likely unintended. It can also lead to inconsistent results of the file-matching approach used by Snakemake.
File path ../../output/mouse/cutadapt//UCS_2A/trimming_statistics_2.txt contains double '/'. This is likely unintended. It can also lead to inconsistent results of the file-matching approach used by Snakemake.
File path ../../output/mouse/bam//UCS_1A.bam contains double '/'. This is likely unintended. It can also lead to inconsistent results of the file-matching approach used by Snakemake.
File path ../../output/mouse/stats//UCS_1A//UCS_1A.txt contains double '/'. This is likely unintended. It can also lead to inconsistent results of the file-matching approach used by Snakemake.
File path ../../output/log/mouse//UCS_1A/getBamStatistics.log contains double '/'. This is likely unintended. It can also lead to inconsistent results of the file-matching approach used by Snakemake.
File path ../../output/mouse/bam//CON_1A.bam contains double '/'. This is likely unintended. It can also lead to inconsistent results of the file-matching approach used by Snakemake.
File path ../../output/mouse/stats//CON_1A//CON_1A.txt contains double '/'. This is likely unintended. It can also lead to inconsistent results of the file-matching approach used by Snakemake.
File path ../../output/log/mouse//CON_1A/getBamStatistics.log contains double '/'. This is likely unintended. It can also lead to inconsistent results of the file-matching approach used by Snakemake.
File path ../../output/mouse/bam//CON_2A.bam contains double '/'. This is likely unintended. It can also lead to inconsistent results of the file-matching approach used by Snakemake.
File path ../../output/mouse/stats//CON_2A//CON_2A.txt contains double '/'. This is likely unintended. It can also lead to inconsistent results of the file-matching approach used by Snakemake.
File path ../../output/log/mouse//CON_2A/getBamStatistics.log contains double '/'. This is likely unintended. It can also lead to inconsistent results of the file-matching approach used by Snakemake.
File path ../../output/mouse/bam//UCS_2A.bam contains double '/'. This is likely unintended. It can also lead to inconsistent results of the file-matching approach used by Snakemake.
File path ../../output/mouse/stats//UCS_2A//UCS_2A.txt contains double '/'. This is likely unintended. It can also lead to inconsistent results of the file-matching approach used by Snakemake.
File path ../../output/log/mouse//UCS_2A/getBamStatistics.log contains double '/'. This is likely unintended. It can also lead to inconsistent results of the file-matching approach used by Snakemake.
File path ../../output/log/mouse//UCS_1A/MarkDuplicates.log contains double '/'. This is likely unintended. It can also lead to inconsistent results of the file-matching approach used by Snakemake.
File path ../../output/log/mouse//UCS_1A/addReadsGroup.log contains double '/'. This is likely unintended. It can also lead to inconsistent results of the file-matching approach used by Snakemake.
File path ../../output/log/mouse//UCS_1A/sort.log contains double '/'. This is likely unintended. It can also lead to inconsistent results of the file-matching approach used by Snakemake.
File path ../../output/log/mouse//UCS_1A/bwa-alignment.txt contains double '/'. This is likely unintended. It can also lead to inconsistent results of the file-matching approach used by Snakemake.
File path ../../output/log/mouse//CON_1A/MarkDuplicates.log contains double '/'. This is likely unintended. It can also lead to inconsistent results of the file-matching approach used by Snakemake.
File path ../../output/log/mouse//CON_1A/addReadsGroup.log contains double '/'. This is likely unintended. It can also lead to inconsistent results of the file-matching approach used by Snakemake.
File path ../../output/log/mouse//CON_1A/sort.log contains double '/'. This is likely unintended. It can also lead to inconsistent results of the file-matching approach used by Snakemake.
File path ../../output/log/mouse//CON_1A/bwa-alignment.txt contains double '/'. This is likely unintended. It can also lead to inconsistent results of the file-matching approach used by Snakemake.
File path ../../output/log/mouse//CON_2A/MarkDuplicates.log contains double '/'. This is likely unintended. It can also lead to inconsistent results of the file-matching approach used by Snakemake.
File path ../../output/log/mouse//CON_2A/addReadsGroup.log contains double '/'. This is likely unintended. It can also lead to inconsistent results of the file-matching approach used by Snakemake.
File path ../../output/log/mouse//CON_2A/sort.log contains double '/'. This is likely unintended. It can also lead to inconsistent results of the file-matching approach used by Snakemake.
File path ../../output/log/mouse//CON_2A/bwa-alignment.txt contains double '/'. This is likely unintended. It can also lead to inconsistent results of the file-matching approach used by Snakemake.
File path ../../output/log/mouse//UCS_2A/MarkDuplicates.log contains double '/'. This is likely unintended. It can also lead to inconsistent results of the file-matching approach used by Snakemake.
File path ../../output/log/mouse//UCS_2A/addReadsGroup.log contains double '/'. This is likely unintended. It can also lead to inconsistent results of the file-matching approach used by Snakemake.
File path ../../output/log/mouse//UCS_2A/sort.log contains double '/'. This is likely unintended. It can also lead to inconsistent results of the file-matching approach used by Snakemake.
File path ../../output/log/mouse//UCS_2A/bwa-alignment.txt contains double '/'. This is likely unintended. It can also lead to inconsistent results of the file-matching approach used by Snakemake.
File path ../../output/log/mouse//UCS_1A/wig.log contains double '/'. This is likely unintended. It can also lead to inconsistent results of the file-matching approach used by Snakemake.
File path ../../output/log/mouse//CON_1A/wig.log contains double '/'. This is likely unintended. It can also lead to inconsistent results of the file-matching approach used by Snakemake.
File path ../../output/log/mouse//CON_2A/wig.log contains double '/'. This is likely unintended. It can also lead to inconsistent results of the file-matching approach used by Snakemake.
File path ../../output/log/mouse//UCS_2A/wig.log contains double '/'. This is likely unintended. It can also lead to inconsistent results of the file-matching approach used by Snakemake.
File path ../../output/log/mouse//UCS_1A/getBamStatistics.log contains double '/'. This is likely unintended. It can also lead to inconsistent results of the file-matching approach used by Snakemake.
File path ../../output/log/mouse//CON_1A/getBamStatistics.log contains double '/'. This is likely unintended. It can also lead to inconsistent results of the file-matching approach used by Snakemake.
File path ../../output/log/mouse//CON_2A/getBamStatistics.log contains double '/'. This is likely unintended. It can also lead to inconsistent results of the file-matching approach used by Snakemake.
File path ../../output/log/mouse//UCS_2A/getBamStatistics.log contains double '/'. This is likely unintended. It can also lead to inconsistent results of the file-matching approach used by Snakemake.
Using shell: /usr/bin/bash
Provided cores: 30
Rules claiming more threads will be scaled down.
Job stats:
job                  count
-----------------  -------
addReadsGroup            4
all                      1
bwaMem2_alignment        4
count_matrix_TE          4
count_matrix_gene        1
dedup                    4
getBamStatistics         4
getFragmentSize          1
sort                     4
trimming                 4
wig                      4
total                   35

Select jobs to execute...
Execute 3 jobs...

[Fri Apr 25 11:05:29 2025]
localrule trimming:
    input: ../../data/fq//CON_2A_1.fq.gz, ../../data/fq//CON_2A_2.fq.gz
    output: ../../output/mouse/cutadapt//CON_2A_1.fq.gz, ../../output/mouse/cutadapt//CON_2A_2.fq.gz, ../../output/mouse/cutadapt//CON_2A/trimming_statistics_1.txt, ../../output/mouse/cutadapt//CON_2A/trimming_statistics_2.txt
    jobid: 16
    reason: Missing output files: ../../output/mouse/cutadapt//CON_2A_2.fq.gz, ../../output/mouse/cutadapt//CON_2A_1.fq.gz
    wildcards: genome=mouse, sample_id=/CON_2A
    threads: 8
    resources: tmpdir=/tmp


[Fri Apr 25 11:05:30 2025]
localrule trimming:
    input: ../../data/fq//CON_1A_1.fq.gz, ../../data/fq//CON_1A_2.fq.gz
    output: ../../output/mouse/cutadapt//CON_1A_1.fq.gz, ../../output/mouse/cutadapt//CON_1A_2.fq.gz, ../../output/mouse/cutadapt//CON_1A/trimming_statistics_1.txt, ../../output/mouse/cutadapt//CON_1A/trimming_statistics_2.txt
    jobid: 11
    reason: Missing output files: ../../output/mouse/cutadapt//CON_1A_1.fq.gz, ../../output/mouse/cutadapt//CON_1A_2.fq.gz
    wildcards: genome=mouse, sample_id=/CON_1A
    threads: 8
    resources: tmpdir=/tmp


[Fri Apr 25 11:05:30 2025]
localrule trimming:
    input: ../../data/fq//UCS_2A_1.fq.gz, ../../data/fq//UCS_2A_2.fq.gz
    output: ../../output/mouse/cutadapt//UCS_2A_1.fq.gz, ../../output/mouse/cutadapt//UCS_2A_2.fq.gz, ../../output/mouse/cutadapt//UCS_2A/trimming_statistics_1.txt, ../../output/mouse/cutadapt//UCS_2A/trimming_statistics_2.txt
    jobid: 21
    reason: Missing output files: ../../output/mouse/cutadapt//UCS_2A_1.fq.gz, ../../output/mouse/cutadapt//UCS_2A_2.fq.gz
    wildcards: genome=mouse, sample_id=/UCS_2A
    threads: 8
    resources: tmpdir=/tmp

[Fri Apr 25 11:05:30 2025]
Error in rule trimming:
    jobid: 16
    input: ../../data/fq//CON_2A_1.fq.gz, ../../data/fq//CON_2A_2.fq.gz
    output: ../../output/mouse/cutadapt//CON_2A_1.fq.gz, ../../output/mouse/cutadapt//CON_2A_2.fq.gz, ../../output/mouse/cutadapt//CON_2A/trimming_statistics_1.txt, ../../output/mouse/cutadapt//CON_2A/trimming_statistics_2.txt
    shell:
        
        /opt/TrimGalore-0.6.10/trim_galore --phred33 --paired  --cores 8 --quality 30             -o ../../output/mouse/cutadapt --basename /CON_2A ../../data/fq//CON_2A_1.fq.gz ../../data/fq//CON_2A_2.fq.gz
        mv ../../output/mouse/cutadapt//CON_2A_val_1.fq.gz ../../output/mouse/cutadapt//CON_2A_1.fq.gz
        mv ../../output/mouse/cutadapt//CON_2A_val_2.fq.gz ../../output/mouse/cutadapt//CON_2A_2.fq.gz
        mv ../../output/mouse/cutadapt//CON_2A_1.fq.gz_trimming_report.txt ../../output/mouse/cutadapt//CON_2A/trimming_statistics_1.txt
        mv ../../output/mouse/cutadapt//CON_2A_2.fq.gz_trimming_report.txt ../../output/mouse/cutadapt//CON_2A/trimming_statistics_2.txt
        
        (one of the commands exited with non-zero exit code; note that snakemake uses bash strict mode!)

[Fri Apr 25 11:05:30 2025]
Error in rule trimming:
    jobid: 11
    input: ../../data/fq//CON_1A_1.fq.gz, ../../data/fq//CON_1A_2.fq.gz
    output: ../../output/mouse/cutadapt//CON_1A_1.fq.gz, ../../output/mouse/cutadapt//CON_1A_2.fq.gz, ../../output/mouse/cutadapt//CON_1A/trimming_statistics_1.txt, ../../output/mouse/cutadapt//CON_1A/trimming_statistics_2.txt
    shell:
        
        /opt/TrimGalore-0.6.10/trim_galore --phred33 --paired  --cores 8 --quality 30             -o ../../output/mouse/cutadapt --basename /CON_1A ../../data/fq//CON_1A_1.fq.gz ../../data/fq//CON_1A_2.fq.gz
        mv ../../output/mouse/cutadapt//CON_1A_val_1.fq.gz ../../output/mouse/cutadapt//CON_1A_1.fq.gz
        mv ../../output/mouse/cutadapt//CON_1A_val_2.fq.gz ../../output/mouse/cutadapt//CON_1A_2.fq.gz
        mv ../../output/mouse/cutadapt//CON_1A_1.fq.gz_trimming_report.txt ../../output/mouse/cutadapt//CON_1A/trimming_statistics_1.txt
        mv ../../output/mouse/cutadapt//CON_1A_2.fq.gz_trimming_report.txt ../../output/mouse/cutadapt//CON_1A/trimming_statistics_2.txt
        
        (one of the commands exited with non-zero exit code; note that snakemake uses bash strict mode!)

[Fri Apr 25 11:05:30 2025]
Error in rule trimming:
    jobid: 21
    input: ../../data/fq//UCS_2A_1.fq.gz, ../../data/fq//UCS_2A_2.fq.gz
    output: ../../output/mouse/cutadapt//UCS_2A_1.fq.gz, ../../output/mouse/cutadapt//UCS_2A_2.fq.gz, ../../output/mouse/cutadapt//UCS_2A/trimming_statistics_1.txt, ../../output/mouse/cutadapt//UCS_2A/trimming_statistics_2.txt
    shell:
        
        /opt/TrimGalore-0.6.10/trim_galore --phred33 --paired  --cores 8 --quality 30             -o ../../output/mouse/cutadapt --basename /UCS_2A ../../data/fq//UCS_2A_1.fq.gz ../../data/fq//UCS_2A_2.fq.gz
        mv ../../output/mouse/cutadapt//UCS_2A_val_1.fq.gz ../../output/mouse/cutadapt//UCS_2A_1.fq.gz
        mv ../../output/mouse/cutadapt//UCS_2A_val_2.fq.gz ../../output/mouse/cutadapt//UCS_2A_2.fq.gz
        mv ../../output/mouse/cutadapt//UCS_2A_1.fq.gz_trimming_report.txt ../../output/mouse/cutadapt//UCS_2A/trimming_statistics_1.txt
        mv ../../output/mouse/cutadapt//UCS_2A_2.fq.gz_trimming_report.txt ../../output/mouse/cutadapt//UCS_2A/trimming_statistics_2.txt
        
        (one of the commands exited with non-zero exit code; note that snakemake uses bash strict mode!)

Shutting down, this might take some time.
Exiting because a job execution failed. Look above for error message
Complete log: .snakemake/log/2025-04-25T110529.292924.snakemake.log
WorkflowError:
At least one job did not complete successfully.
